# JRE version: OpenJDK Runtime Environment (8.0_242-b01) (build 1.8.0_242-release-1644-b01)
# Java VM: OpenJDK 64-Bit Server VM (25.242-b01 mixed mode windows-amd64 compressed oops)
Heap:
 PSYoungGen      total 473088K, used 244551K [0x00000000d5580000, 0x00000000f7b80000, 0x0000000100000000)
  eden space 434688K, 51% used [0x00000000d5580000,0x00000000e2ebac40,0x00000000efe00000)
  from space 38400K, 57% used [0x00000000efe00000,0x00000000f1397020,0x00000000f2380000)
  to   space 37888K, 0% used [0x00000000f5680000,0x00000000f5680000,0x00000000f7b80000)
 ParOldGen       total 241664K, used 47529K [0x0000000080000000, 0x000000008ec00000, 0x00000000d5580000)
  object space 241664K, 19% used [0x0000000080000000,0x0000000082e6a4b0,0x000000008ec00000)
 Metaspace       used 105550K, capacity 109990K, committed 110376K, reserved 1144832K
  class space    used 13596K, capacity 14427K, committed 14640K, reserved 1048576K
GC Heap History (10 events):
Event: 10754.098 GC heap before
{Heap before GC invocations=17 (full 3):
 PSYoungGen      total 344064K, used 151222K [0x00000000d5580000, 0x00000000efa00000, 0x0000000100000000)
  eden space 315904K, 38% used [0x00000000d5580000,0x00000000dcdb3900,0x00000000e8a00000)
  from space 28160K, 99% used [0x00000000e8a00000,0x00000000ea57a108,0x00000000ea580000)
  to   space 32256K, 0% used [0x00000000eda80000,0x00000000eda80000,0x00000000efa00000)
 ParOldGen       total 176128K, used 58966K [0x0000000080000000, 0x000000008ac00000, 0x00000000d5580000)
  object space 176128K, 33% used [0x0000000080000000,0x0000000083995818,0x000000008ac00000)
 Metaspace       used 94332K, capacity 98512K, committed 98600K, reserved 1134592K
  class space    used 12230K, capacity 13093K, committed 13104K, reserved 1048576K
Event: 10754.124 GC heap after
Heap after GC invocations=17 (full 3):
 PSYoungGen      total 398848K, used 6704K [0x00000000d5580000, 0x00000000efb80000, 0x0000000100000000)
  eden space 366592K, 0% used [0x00000000d5580000,0x00000000d5580000,0x00000000ebb80000)
  from space 32256K, 20% used [0x00000000eda80000,0x00000000ee10c080,0x00000000efa00000)
  to   space 31744K, 0% used [0x00000000ebb80000,0x00000000ebb80000,0x00000000eda80000)
 ParOldGen       total 176128K, used 75994K [0x0000000080000000, 0x000000008ac00000, 0x00000000d5580000)
  object space 176128K, 43% used [0x0000000080000000,0x0000000084a369a8,0x000000008ac00000)
 Metaspace       used 94332K, capacity 98512K, committed 98600K, reserved 1134592K
  class space    used 12230K, capacity 13093K, committed 13104K, reserved 1048576K
}
Event: 10754.145 GC heap before
{Heap before GC invocations=18 (full 4):
 PSYoungGen      total 398848K, used 6704K [0x00000000d5580000, 0x00000000efb80000, 0x0000000100000000)
  eden space 366592K, 0% used [0x00000000d5580000,0x00000000d5580000,0x00000000ebb80000)
  from space 32256K, 20% used [0x00000000eda80000,0x00000000ee10c080,0x00000000efa00000)
  to   space 31744K, 0% used [0x00000000ebb80000,0x00000000ebb80000,0x00000000eda80000)
 ParOldGen       total 176128K, used 75994K [0x0000000080000000, 0x000000008ac00000, 0x00000000d5580000)
  object space 176128K, 43% used [0x0000000080000000,0x0000000084a369a8,0x000000008ac00000)
 Metaspace       used 94332K, capacity 98512K, committed 98600K, reserved 1134592K
  class space    used 12230K, capacity 13093K, committed 13104K, reserved 1048576K
Event: 10754.860 GC heap after
Heap after GC invocations=18 (full 4):
 PSYoungGen      total 398848K, used 0K [0x00000000d5580000, 0x00000000efb80000, 0x0000000100000000)
  eden space 366592K, 0% used [0x00000000d5580000,0x00000000d5580000,0x00000000ebb80000)
  from space 32256K, 0% used [0x00000000eda80000,0x00000000eda80000,0x00000000efa00000)
  to   space 31744K, 0% used [0x00000000ebb80000,0x00000000ebb80000,0x00000000eda80000)
 ParOldGen       total 241664K, used 45964K [0x0000000080000000, 0x000000008ec00000, 0x00000000d5580000)
  object space 241664K, 19% used [0x0000000080000000,0x0000000082ce3240,0x000000008ec00000)
 Metaspace       used 93300K, capacity 96566K, committed 98600K, reserved 1134592K
  class space    used 12018K, capacity 12705K, committed 13104K, reserved 1048576K
}
Event: 10767.763 GC heap before
{Heap before GC invocations=19 (full 4):
 PSYoungGen      total 398848K, used 366592K [0x00000000d5580000, 0x00000000efb80000, 0x0000000100000000)
  eden space 366592K, 100% used [0x00000000d5580000,0x00000000ebb80000,0x00000000ebb80000)
  from space 32256K, 0% used [0x00000000eda80000,0x00000000eda80000,0x00000000efa00000)
  to   space 31744K, 0% used [0x00000000ebb80000,0x00000000ebb80000,0x00000000eda80000)
 ParOldGen       total 241664K, used 45964K [0x0000000080000000, 0x000000008ec00000, 0x00000000d5580000)
  object space 241664K, 19% used [0x0000000080000000,0x0000000082ce3240,0x000000008ec00000)
 Metaspace       used 103999K, capacity 108144K, committed 108840K, reserved 1144832K
  class space    used 13437K, capacity 14238K, committed 14384K, reserved 1048576K
Event: 10767.847 GC heap after
Heap after GC invocations=19 (full 4):
 PSYoungGen      total 398336K, used 31720K [0x00000000d5580000, 0x00000000f4800000, 0x0000000100000000)
  eden space 366592K, 0% used [0x00000000d5580000,0x00000000d5580000,0x00000000ebb80000)
  from space 31744K, 99% used [0x00000000ebb80000,0x00000000eda7a308,0x00000000eda80000)
  to   space 37376K, 0% used [0x00000000f2380000,0x00000000f2380000,0x00000000f4800000)
 ParOldGen       total 241664K, used 47521K [0x0000000080000000, 0x000000008ec00000, 0x00000000d5580000)
  object space 241664K, 19% used [0x0000000080000000,0x0000000082e684b0,0x000000008ec00000)
 Metaspace       used 103999K, capacity 108144K, committed 108840K, reserved 1144832K
  class space    used 13437K, capacity 14238K, committed 14384K, reserved 1048576K
}
Event: 10772.418 GC heap before
{Heap before GC invocations=20 (full 4):
 PSYoungGen      total 398336K, used 398312K [0x00000000d5580000, 0x00000000f4800000, 0x0000000100000000)
  eden space 366592K, 100% used [0x00000000d5580000,0x00000000ebb80000,0x00000000ebb80000)
  from space 31744K, 99% used [0x00000000ebb80000,0x00000000eda7a308,0x00000000eda80000)
  to   space 37376K, 0% used [0x00000000f2380000,0x00000000f2380000,0x00000000f4800000)
 ParOldGen       total 241664K, used 47521K [0x0000000080000000, 0x000000008ec00000, 0x00000000d5580000)
  object space 241664K, 19% used [0x0000000080000000,0x0000000082e684b0,0x000000008ec00000)
 Metaspace       used 104351K, capacity 108520K, committed 109096K, reserved 1144832K
  class space    used 13456K, capacity 14288K, committed 14384K, reserved 1048576K
Event: 10772.464 GC heap after
Heap after GC invocations=20 (full 4):
 PSYoungGen      total 472064K, used 25001K [0x00000000d5580000, 0x00000000f4a80000, 0x0000000100000000)
  eden space 434688K, 0% used [0x00000000d5580000,0x00000000d5580000,0x00000000efe00000)
  from space 37376K, 66% used [0x00000000f2380000,0x00000000f3bea740,0x00000000f4800000)
  to   space 38400K, 0% used [0x00000000efe00000,0x00000000efe00000,0x00000000f2380000)
 ParOldGen       total 241664K, used 47521K [0x0000000080000000, 0x000000008ec00000, 0x00000000d5580000)
  object space 241664K, 19% used [0x0000000080000000,0x0000000082e684b0,0x000000008ec00000)
 Metaspace       used 104351K, capacity 108520K, committed 109096K, reserved 1144832K
  class space    used 13456K, capacity 14288K, committed 14384K, reserved 1048576K
}
Event: 10776.884 GC heap before
{Heap before GC invocations=21 (full 4):
 PSYoungGen      total 472064K, used 459689K [0x00000000d5580000, 0x00000000f4a80000, 0x0000000100000000)
  eden space 434688K, 100% used [0x00000000d5580000,0x00000000efe00000,0x00000000efe00000)
  from space 37376K, 66% used [0x00000000f2380000,0x00000000f3bea740,0x00000000f4800000)
  to   space 38400K, 0% used [0x00000000efe00000,0x00000000efe00000,0x00000000f2380000)
 ParOldGen       total 241664K, used 47521K [0x0000000080000000, 0x000000008ec00000, 0x00000000d5580000)
  object space 241664K, 19% used [0x0000000080000000,0x0000000082e684b0,0x000000008ec00000)
 Metaspace       used 105483K, capacity 109926K, committed 110376K, reserved 1144832K
  class space    used 13596K, capacity 14427K, committed 14640K, reserved 1048576K
Event: 10776.916 GC heap after
Heap after GC invocations=21 (full 4):
 PSYoungGen      total 473088K, used 22108K [0x00000000d5580000, 0x00000000f7b80000, 0x0000000100000000)
  eden space 434688K, 0% used [0x00000000d5580000,0x00000000d5580000,0x00000000efe00000)
  from space 38400K, 57% used [0x00000000efe00000,0x00000000f1397020,0x00000000f2380000)
  to   space 37888K, 0% used [0x00000000f5680000,0x00000000f5680000,0x00000000f7b80000)
 ParOldGen       total 241664K, used 47529K [0x0000000080000000, 0x000000008ec00000, 0x00000000d5580000)
  object space 241664K, 19% used [0x0000000080000000,0x0000000082e6a4b0,0x000000008ec00000)
 Metaspace       used 105483K, capacity 109926K, committed 110376K, reserved 1144832K
  class space    used 13596K, capacity 14427K, committed 14640K, reserved 1048576K
}

