# JRE version: OpenJDK Runtime Environment (8.0_242-b01) (build 1.8.0_242-release-1644-b01)
# Java VM: OpenJDK 64-Bit Server VM (25.242-b01 mixed mode windows-amd64 compressed oops)
Heap:
 PSYoungGen      total 585728K, used 133592K [0x00000000d5580000, 0x0000000100000000, 0x0000000100000000)
  eden space 559616K, 22% used [0x00000000d5580000,0x00000000dd0e21f8,0x00000000f7800000)
  from space 26112K, 27% used [0x00000000f9f00000,0x00000000fa614080,0x00000000fb880000)
  to   space 39936K, 0% used [0x00000000f7800000,0x00000000f7800000,0x00000000f9f00000)
 ParOldGen       total 205312K, used 65486K [0x0000000080000000, 0x000000008c880000, 0x00000000d5580000)
  object space 205312K, 31% used [0x0000000080000000,0x0000000083ff38e0,0x000000008c880000)
 Metaspace       used 76703K, capacity 80766K, committed 80936K, reserved 1118208K
  class space    used 10447K, capacity 11236K, committed 11312K, reserved 1048576K
GC Heap History (10 events):
Event: 16.904 GC heap before
{Heap before GC invocations=9 (full 2):
 PSYoungGen      total 365056K, used 28839K [0x00000000d5580000, 0x00000000ef800000, 0x0000000100000000)
  eden space 349184K, 3% used [0x00000000d5580000,0x00000000d622a8e8,0x00000000eaa80000)
  from space 15872K, 99% used [0x00000000ec400000,0x00000000ed37f540,0x00000000ed380000)
  to   space 26112K, 0% used [0x00000000eaa80000,0x00000000eaa80000,0x00000000ec400000)
 ParOldGen       total 153600K, used 29645K [0x0000000080000000, 0x0000000089600000, 0x00000000d5580000)
  object space 153600K, 19% used [0x0000000080000000,0x0000000081cf3460,0x0000000089600000)
 Metaspace       used 56997K, capacity 59032K, committed 59160K, reserved 1099776K
  class space    used 7810K, capacity 8275K, committed 8368K, reserved 1048576K
Event: 16.924 GC heap after
Heap after GC invocations=9 (full 2):
 PSYoungGen      total 375296K, used 16307K [0x00000000d5580000, 0x00000000fb880000, 0x0000000100000000)
  eden space 349184K, 0% used [0x00000000d5580000,0x00000000d5580000,0x00000000eaa80000)
  from space 26112K, 62% used [0x00000000eaa80000,0x00000000eba6cfa8,0x00000000ec400000)
  to   space 26112K, 0% used [0x00000000f9f00000,0x00000000f9f00000,0x00000000fb880000)
 ParOldGen       total 153600K, used 29653K [0x0000000080000000, 0x0000000089600000, 0x00000000d5580000)
  object space 153600K, 19% used [0x0000000080000000,0x0000000081cf5460,0x0000000089600000)
 Metaspace       used 56997K, capacity 59032K, committed 59160K, reserved 1099776K
  class space    used 7810K, capacity 8275K, committed 8368K, reserved 1048576K
}
Event: 16.924 GC heap before
{Heap before GC invocations=10 (full 3):
 PSYoungGen      total 375296K, used 16307K [0x00000000d5580000, 0x00000000fb880000, 0x0000000100000000)
  eden space 349184K, 0% used [0x00000000d5580000,0x00000000d5580000,0x00000000eaa80000)
  from space 26112K, 62% used [0x00000000eaa80000,0x00000000eba6cfa8,0x00000000ec400000)
  to   space 26112K, 0% used [0x00000000f9f00000,0x00000000f9f00000,0x00000000fb880000)
 ParOldGen       total 153600K, used 29653K [0x0000000080000000, 0x0000000089600000, 0x00000000d5580000)
  object space 153600K, 19% used [0x0000000080000000,0x0000000081cf5460,0x0000000089600000)
 Metaspace       used 56997K, capacity 59032K, committed 59160K, reserved 1099776K
  class space    used 7810K, capacity 8275K, committed 8368K, reserved 1048576K
Event: 17.122 GC heap after
Heap after GC invocations=10 (full 3):
 PSYoungGen      total 375296K, used 0K [0x00000000d5580000, 0x00000000fb880000, 0x0000000100000000)
  eden space 349184K, 0% used [0x00000000d5580000,0x00000000d5580000,0x00000000eaa80000)
  from space 26112K, 0% used [0x00000000eaa80000,0x00000000eaa80000,0x00000000ec400000)
  to   space 26112K, 0% used [0x00000000f9f00000,0x00000000f9f00000,0x00000000fb880000)
 ParOldGen       total 205312K, used 28493K [0x0000000080000000, 0x000000008c880000, 0x00000000d5580000)
  object space 205312K, 13% used [0x0000000080000000,0x0000000081bd37f8,0x000000008c880000)
 Metaspace       used 56989K, capacity 59008K, committed 59160K, reserved 1099776K
  class space    used 7808K, capacity 8271K, committed 8368K, reserved 1048576K
}
Event: 26.376 GC heap before
{Heap before GC invocations=11 (full 3):
 PSYoungGen      total 375296K, used 349184K [0x00000000d5580000, 0x00000000fb880000, 0x0000000100000000)
  eden space 349184K, 100% used [0x00000000d5580000,0x00000000eaa80000,0x00000000eaa80000)
  from space 26112K, 0% used [0x00000000eaa80000,0x00000000eaa80000,0x00000000ec400000)
  to   space 26112K, 0% used [0x00000000f9f00000,0x00000000f9f00000,0x00000000fb880000)
 ParOldGen       total 205312K, used 28493K [0x0000000080000000, 0x000000008c880000, 0x00000000d5580000)
  object space 205312K, 13% used [0x0000000080000000,0x0000000081bd37f8,0x000000008c880000)
 Metaspace       used 73260K, capacity 76778K, committed 76968K, reserved 1116160K
  class space    used 10109K, capacity 10838K, committed 10928K, reserved 1048576K
Event: 26.436 GC heap after
Heap after GC invocations=11 (full 3):
 PSYoungGen      total 569344K, used 26086K [0x00000000d5580000, 0x00000000fb880000, 0x0000000100000000)
  eden space 543232K, 0% used [0x00000000d5580000,0x00000000d5580000,0x00000000f6800000)
  from space 26112K, 99% used [0x00000000f9f00000,0x00000000fb879ba0,0x00000000fb880000)
  to   space 36352K, 0% used [0x00000000f7180000,0x00000000f7180000,0x00000000f9500000)
 ParOldGen       total 205312K, used 43139K [0x0000000080000000, 0x000000008c880000, 0x00000000d5580000)
  object space 205312K, 21% used [0x0000000080000000,0x0000000082a20dd8,0x000000008c880000)
 Metaspace       used 73260K, capacity 76778K, committed 76968K, reserved 1116160K
  class space    used 10109K, capacity 10838K, committed 10928K, reserved 1048576K
}
Event: 31.938 GC heap before
{Heap before GC invocations=12 (full 3):
 PSYoungGen      total 569344K, used 569318K [0x00000000d5580000, 0x00000000fb880000, 0x0000000100000000)
  eden space 543232K, 100% used [0x00000000d5580000,0x00000000f6800000,0x00000000f6800000)
  from space 26112K, 99% used [0x00000000f9f00000,0x00000000fb879ba0,0x00000000fb880000)
  to   space 36352K, 0% used [0x00000000f7180000,0x00000000f7180000,0x00000000f9500000)
 ParOldGen       total 205312K, used 43139K [0x0000000080000000, 0x000000008c880000, 0x00000000d5580000)
  object space 205312K, 21% used [0x0000000080000000,0x0000000082a20dd8,0x000000008c880000)
 Metaspace       used 76292K, capacity 80260K, committed 80424K, reserved 1118208K
  class space    used 10424K, capacity 11195K, committed 11312K, reserved 1048576K
Event: 32.216 GC heap after
Heap after GC invocations=12 (full 3):
 PSYoungGen      total 579584K, used 31554K [0x00000000d5580000, 0x00000000fb880000, 0x0000000100000000)
  eden space 543232K, 0% used [0x00000000d5580000,0x00000000d5580000,0x00000000f6800000)
  from space 36352K, 86% used [0x00000000f7180000,0x00000000f9050bc0,0x00000000f9500000)
  to   space 26112K, 0% used [0x00000000f9f00000,0x00000000f9f00000,0x00000000fb880000)
 ParOldGen       total 205312K, used 43155K [0x0000000080000000, 0x000000008c880000, 0x00000000d5580000)
  object space 205312K, 21% used [0x0000000080000000,0x0000000082a24dd8,0x000000008c880000)
 Metaspace       used 76292K, capacity 80260K, committed 80424K, reserved 1118208K
  class space    used 10424K, capacity 11195K, committed 11312K, reserved 1048576K
}
Event: 38.204 GC heap before
{Heap before GC invocations=13 (full 3):
 PSYoungGen      total 579584K, used 574786K [0x00000000d5580000, 0x00000000fb880000, 0x0000000100000000)
  eden space 543232K, 100% used [0x00000000d5580000,0x00000000f6800000,0x00000000f6800000)
  from space 36352K, 86% used [0x00000000f7180000,0x00000000f9050bc0,0x00000000f9500000)
  to   space 26112K, 0% used [0x00000000f9f00000,0x00000000f9f00000,0x00000000fb880000)
 ParOldGen       total 205312K, used 43155K [0x0000000080000000, 0x000000008c880000, 0x00000000d5580000)
  object space 205312K, 21% used [0x0000000080000000,0x0000000082a24dd8,0x000000008c880000)
 Metaspace       used 76695K, capacity 80766K, committed 80936K, reserved 1118208K
  class space    used 10447K, capacity 11236K, committed 11312K, reserved 1048576K
Event: 38.332 GC heap after
Heap after GC invocations=13 (full 3):
 PSYoungGen      total 585728K, used 7248K [0x00000000d5580000, 0x0000000100000000, 0x0000000100000000)
  eden space 559616K, 0% used [0x00000000d5580000,0x00000000d5580000,0x00000000f7800000)
  from space 26112K, 27% used [0x00000000f9f00000,0x00000000fa614080,0x00000000fb880000)
  to   space 39936K, 0% used [0x00000000f7800000,0x00000000f7800000,0x00000000f9f00000)
 ParOldGen       total 205312K, used 65486K [0x0000000080000000, 0x000000008c880000, 0x00000000d5580000)
  object space 205312K, 31% used [0x0000000080000000,0x0000000083ff38e0,0x000000008c880000)
 Metaspace       used 76695K, capacity 80766K, committed 80936K, reserved 1118208K
  class space    used 10447K, capacity 11236K, committed 11312K, reserved 1048576K
}

